<?xml version="1.0" encoding="UTF-8"?>
<!-- Generated by org.testng.reporters.JUnitReportReporter -->
<testsuite hostname="DESKTOP-UDH7RLJ" failures="0" tests="1" name="practice.DemoTest" time="0.044" errors="0" timestamp="2023-04-16T14:19:40 IST" skipped="0">
  <testcase classname="practice.DemoTest" name="sampleTest" time="0.044"/>
  <system-out/>
</testsuite> <!-- practice.DemoTest -->
