<?xml version="1.0" encoding="UTF-8"?>
<!-- Generated by org.testng.reporters.JUnitReportReporter -->
<testsuite hostname="DESKTOP-UDH7RLJ" failures="0" tests="1" name="practice.Demo2Test" time="0.003" errors="0" timestamp="2023-04-04T21:28:14 IST" skipped="0">
  <testcase classname="practice.Demo2Test" name="sampleTest2" time="0.003"/>
  <system-out/>
</testsuite> <!-- practice.Demo2Test -->
